This file contains any messages produced by compilers while
running configure, to aid debugging if configure makes a mistake.

It was created by audiofile configure 0.3.4, which was
generated by GNU Autoconf 2.68.  Invocation command line was

  $ ./configure --no-create --no-recursion

## --------- ##
## Platform. ##
## --------- ##

hostname = baxi.local
uname -m = x86_64
uname -r = 12.2.0
uname -s = Darwin
uname -v = Darwin Kernel Version 12.2.0: Sat Aug 25 00:48:52 PDT 2012; root:xnu-2050.18.24~1/RELEASE_X86_64

/usr/bin/uname -p = i386
/bin/uname -X     = unknown

/bin/arch              = unknown
/usr/bin/arch -k       = unknown
/usr/convex/getsysinfo = unknown
/usr/bin/hostinfo      = Mach kernel version:
	 Darwin Kernel Version 12.2.0: Sat Aug 25 00:48:52 PDT 2012; root:xnu-2050.18.24~1/RELEASE_X86_64
Kernel configured for up to 16 processors.
8 processors are physically available.
16 processors are logically available.
Processor type: i486 (Intel 80486)
Processors active: 0 1 2 3 4 5 6 7 8 9 10 11 12 13 14 15
Primary memory available: 16.00 gigabytes
Default processor set: 154 tasks, 746 threads, 16 processors
Load average: 0.90, Mach factor: 15.09
/bin/machine           = unknown
/usr/bin/oslevel       = unknown
/bin/universe          = unknown

PATH: /Library/Frameworks/Python.framework/Versions/2.7/bin
PATH: /usr/bin
PATH: /bin
PATH: /usr/sbin
PATH: /sbin
PATH: /usr/local/bin
PATH: /opt/X11/bin
PATH: /usr/texbin
PATH: /Users/jkeshet/bin/utils
PATH: /Users/jkeshet/bin
PATH: .
PATH: /usr/local/bin
PATH: .


## ----------- ##
## Core tests. ##
## ----------- ##

configure:2437: checking for a BSD-compatible install
configure:2505: result: /usr/bin/install -c
configure:2516: checking whether build environment is sane
configure:2566: result: yes
configure:2707: checking for a thread-safe mkdir -p
configure:2746: result: ./install-sh -c -d
configure:2759: checking for gawk
configure:2789: result: no
configure:2759: checking for mawk
configure:2789: result: no
configure:2759: checking for nawk
configure:2789: result: no
configure:2759: checking for awk
configure:2775: found /usr/bin/awk
configure:2786: result: awk
configure:2797: checking whether make sets $(MAKE)
configure:2819: result: yes
configure:2914: checking for style of include used by make
configure:2942: result: GNU
configure:3012: checking for gcc
configure:3028: found /usr/bin/gcc
configure:3039: result: gcc
configure:3268: checking for C compiler version
configure:3277: gcc --version >&5
i686-apple-darwin11-llvm-gcc-4.2 (GCC) 4.2.1 (Based on Apple Inc. build 5658) (LLVM build 2336.11.00)
Copyright (C) 2007 Free Software Foundation, Inc.
This is free software; see the source for copying conditions.  There is NO
warranty; not even for MERCHANTABILITY or FITNESS FOR A PARTICULAR PURPOSE.

configure:3288: $? = 0
configure:3277: gcc -v >&5
Using built-in specs.
Target: i686-apple-darwin11
Configured with: /private/var/tmp/llvmgcc42/llvmgcc42-2336.11~28/src/configure --disable-checking --enable-werror --prefix=/Applications/Xcode.app/Contents/Developer/usr/llvm-gcc-4.2 --mandir=/share/man --enable-languages=c,objc,c++,obj-c++ --program-prefix=llvm- --program-transform-name=/^[cg][^.-]*$/s/$/-4.2/ --with-slibdir=/usr/lib --build=i686-apple-darwin11 --enable-llvm=/private/var/tmp/llvmgcc42/llvmgcc42-2336.11~28/dst-llvmCore/Developer/usr/local --program-prefix=i686-apple-darwin11- --host=x86_64-apple-darwin11 --target=i686-apple-darwin11 --with-gxx-include-dir=/usr/include/c++/4.2.1
Thread model: posix
gcc version 4.2.1 (Based on Apple Inc. build 5658) (LLVM build 2336.11.00)
configure:3288: $? = 0
configure:3277: gcc -V >&5
llvm-gcc-4.2: argument to `-V' is missing
configure:3288: $? = 1
configure:3277: gcc -qversion >&5
i686-apple-darwin11-llvm-gcc-4.2: no input files
configure:3288: $? = 1
configure:3308: checking whether the C compiler works
configure:3330: gcc    conftest.c  >&5
configure:3334: $? = 0
configure:3382: result: yes
configure:3385: checking for C compiler default output file name
configure:3387: result: a.out
configure:3393: checking for suffix of executables
configure:3400: gcc -o conftest    conftest.c  >&5
configure:3404: $? = 0
configure:3426: result: 
configure:3448: checking whether we are cross compiling
configure:3456: gcc -o conftest    conftest.c  >&5
configure:3460: $? = 0
configure:3467: ./conftest
configure:3471: $? = 0
configure:3486: result: no
configure:3491: checking for suffix of object files
configure:3513: gcc -c   conftest.c >&5
configure:3517: $? = 0
configure:3538: result: o
configure:3542: checking whether we are using the GNU C compiler
configure:3561: gcc -c   conftest.c >&5
configure:3561: $? = 0
configure:3570: result: yes
configure:3579: checking whether gcc accepts -g
configure:3599: gcc -c -g  conftest.c >&5
configure:3599: $? = 0
configure:3640: result: yes
configure:3657: checking for gcc option to accept ISO C89
configure:3721: gcc  -c -g -O2  conftest.c >&5
configure:3721: $? = 0
configure:3734: result: none needed
configure:3756: checking dependency style of gcc
configure:3866: result: gcc3
configure:3881: checking for gcc option to accept ISO C99
configure:4030: gcc  -c -g -O2  conftest.c >&5
conftest.c:61: error: expected ';', ',' or ')' before 'text'
conftest.c: In function 'main':
conftest.c:115: error: nested functions are disabled, use -fnested-functions to re-enable
conftest.c:115: error: expected '=', ',', ';', 'asm' or '__attribute__' before 'newvar'
conftest.c:115: error: 'newvar' undeclared (first use in this function)
conftest.c:115: error: (Each undeclared identifier is reported only once
conftest.c:115: error: for each function it appears in.)
conftest.c:125: error: 'for' loop initial declaration used outside C99 mode
configure:4030: $? = 1
configure: failed program was:
| /* confdefs.h */
| #define PACKAGE_NAME "audiofile"
| #define PACKAGE_TARNAME "audiofile"
| #define PACKAGE_VERSION "0.3.4"
| #define PACKAGE_STRING "audiofile 0.3.4"
| #define PACKAGE_BUGREPORT ""
| #define PACKAGE_URL ""
| #define PACKAGE "audiofile"
| #define VERSION "0.3.4"
| /* end confdefs.h.  */
| #include <stdarg.h>
| #include <stdbool.h>
| #include <stdlib.h>
| #include <wchar.h>
| #include <stdio.h>
| 
| // Check varargs macros.  These examples are taken from C99 6.10.3.5.
| #define debug(...) fprintf (stderr, __VA_ARGS__)
| #define showlist(...) puts (#__VA_ARGS__)
| #define report(test,...) ((test) ? puts (#test) : printf (__VA_ARGS__))
| static void
| test_varargs_macros (void)
| {
|   int x = 1234;
|   int y = 5678;
|   debug ("Flag");
|   debug ("X = %d\n", x);
|   showlist (The first, second, and third items.);
|   report (x>y, "x is %d but y is %d", x, y);
| }
| 
| // Check long long types.
| #define BIG64 18446744073709551615ull
| #define BIG32 4294967295ul
| #define BIG_OK (BIG64 / BIG32 == 4294967297ull && BIG64 % BIG32 == 0)
| #if !BIG_OK
|   your preprocessor is broken;
| #endif
| #if BIG_OK
| #else
|   your preprocessor is broken;
| #endif
| static long long int bignum = -9223372036854775807LL;
| static unsigned long long int ubignum = BIG64;
| 
| struct incomplete_array
| {
|   int datasize;
|   double data[];
| };
| 
| struct named_init {
|   int number;
|   const wchar_t *name;
|   double average;
| };
| 
| typedef const char *ccp;
| 
| static inline int
| test_restrict (ccp restrict text)
| {
|   // See if C++-style comments work.
|   // Iterate through items via the restricted pointer.
|   // Also check for declarations in for loops.
|   for (unsigned int i = 0; *(text+i) != '\0'; ++i)
|     continue;
|   return 0;
| }
| 
| // Check varargs and va_copy.
| static void
| test_varargs (const char *format, ...)
| {
|   va_list args;
|   va_start (args, format);
|   va_list args_copy;
|   va_copy (args_copy, args);
| 
|   const char *str;
|   int number;
|   float fnumber;
| 
|   while (*format)
|     {
|       switch (*format++)
| 	{
| 	case 's': // string
| 	  str = va_arg (args_copy, const char *);
| 	  break;
| 	case 'd': // int
| 	  number = va_arg (args_copy, int);
| 	  break;
| 	case 'f': // float
| 	  fnumber = va_arg (args_copy, double);
| 	  break;
| 	default:
| 	  break;
| 	}
|     }
|   va_end (args_copy);
|   va_end (args);
| }
| 
| int
| main ()
| {
| 
|   // Check bool.
|   _Bool success = false;
| 
|   // Check restrict.
|   if (test_restrict ("String literal") == 0)
|     success = true;
|   char *restrict newvar = "Another string";
| 
|   // Check varargs.
|   test_varargs ("s, d' f .", "string", 65, 34.234);
|   test_varargs_macros ();
| 
|   // Check flexible array members.
|   struct incomplete_array *ia =
|     malloc (sizeof (struct incomplete_array) + (sizeof (double) * 10));
|   ia->datasize = 10;
|   for (int i = 0; i < ia->datasize; ++i)
|     ia->data[i] = i * 1.234;
| 
|   // Check named initializers.
|   struct named_init ni = {
|     .number = 34,
|     .name = L"Test wide string",
|     .average = 543.34343,
|   };
| 
|   ni.number = 58;
| 
|   int dynamic_array[ni.number];
|   dynamic_array[ni.number - 1] = 543;
| 
|   // work around unused variable warnings
|   return (!success || bignum == 0LL || ubignum == 0uLL || newvar[0] == 'x'
| 	  || dynamic_array[ni.number - 1] != 543);
| 
|   ;
|   return 0;
| }
configure:4030: gcc -std=gnu99 -c -g -O2  conftest.c >&5
configure:4030: $? = 0
configure:4050: result: -std=gnu99
configure:4116: checking for g++
configure:4132: found /usr/bin/g++
configure:4143: result: g++
configure:4170: checking for C++ compiler version
configure:4179: g++ --version >&5
i686-apple-darwin11-llvm-g++-4.2 (GCC) 4.2.1 (Based on Apple Inc. build 5658) (LLVM build 2336.11.00)
Copyright (C) 2007 Free Software Foundation, Inc.
This is free software; see the source for copying conditions.  There is NO
warranty; not even for MERCHANTABILITY or FITNESS FOR A PARTICULAR PURPOSE.

configure:4190: $? = 0
configure:4179: g++ -v >&5
Using built-in specs.
Target: i686-apple-darwin11
Configured with: /private/var/tmp/llvmgcc42/llvmgcc42-2336.11~28/src/configure --disable-checking --enable-werror --prefix=/Applications/Xcode.app/Contents/Developer/usr/llvm-gcc-4.2 --mandir=/share/man --enable-languages=c,objc,c++,obj-c++ --program-prefix=llvm- --program-transform-name=/^[cg][^.-]*$/s/$/-4.2/ --with-slibdir=/usr/lib --build=i686-apple-darwin11 --enable-llvm=/private/var/tmp/llvmgcc42/llvmgcc42-2336.11~28/dst-llvmCore/Developer/usr/local --program-prefix=i686-apple-darwin11- --host=x86_64-apple-darwin11 --target=i686-apple-darwin11 --with-gxx-include-dir=/usr/include/c++/4.2.1
Thread model: posix
gcc version 4.2.1 (Based on Apple Inc. build 5658) (LLVM build 2336.11.00)
configure:4190: $? = 0
configure:4179: g++ -V >&5
llvm-g++-4.2: argument to `-V' is missing
configure:4190: $? = 1
configure:4179: g++ -qversion >&5
i686-apple-darwin11-llvm-g++-4.2: no input files
configure:4190: $? = 1
configure:4194: checking whether we are using the GNU C++ compiler
configure:4213: g++ -c   conftest.cpp >&5
configure:4213: $? = 0
configure:4222: result: yes
configure:4231: checking whether g++ accepts -g
configure:4251: g++ -c -g  conftest.cpp >&5
configure:4251: $? = 0
configure:4292: result: yes
configure:4317: checking dependency style of g++
configure:4427: result: gcc3
configure:4472: checking build system type
configure:4486: result: x86_64-apple-darwin12.2.0
configure:4506: checking host system type
configure:4519: result: x86_64-apple-darwin12.2.0
configure:4560: checking how to print strings
configure:4587: result: printf
configure:4608: checking for a sed that does not truncate output
configure:4672: result: /usr/bin/sed
configure:4690: checking for grep that handles long lines and -e
configure:4748: result: /usr/bin/grep
configure:4753: checking for egrep
configure:4815: result: /usr/bin/grep -E
configure:4820: checking for fgrep
configure:4882: result: /usr/bin/grep -F
configure:4917: checking for ld used by gcc -std=gnu99
configure:4984: result: /usr/llvm-gcc-4.2/libexec/gcc/i686-apple-darwin11/4.2.1/ld
configure:4991: checking if the linker (/usr/llvm-gcc-4.2/libexec/gcc/i686-apple-darwin11/4.2.1/ld) is GNU ld
configure:5006: result: no
configure:5018: checking for BSD- or MS-compatible name lister (nm)
configure:5067: result: /usr/bin/nm
configure:5197: checking the name lister (/usr/bin/nm) interface
configure:5204: gcc -std=gnu99 -c -g -O2  conftest.c >&5
configure:5207: /usr/bin/nm "conftest.o"
configure:5210: output
00000000000001c8 S _some_variable
configure:5217: result: BSD nm
configure:5220: checking whether ln -s works
configure:5224: result: yes
configure:5232: checking the maximum length of command line arguments
configure:5357: result: 196608
configure:5374: checking whether the shell understands some XSI constructs
configure:5384: result: yes
configure:5388: checking whether the shell understands "+="
configure:5394: result: yes
configure:5429: checking how to convert x86_64-apple-darwin12.2.0 file names to x86_64-apple-darwin12.2.0 format
configure:5469: result: func_convert_file_noop
configure:5476: checking how to convert x86_64-apple-darwin12.2.0 file names to toolchain format
configure:5496: result: func_convert_file_noop
configure:5503: checking for /usr/llvm-gcc-4.2/libexec/gcc/i686-apple-darwin11/4.2.1/ld option to reload object files
configure:5510: result: -r
configure:5584: checking for objdump
configure:5614: result: no
configure:5643: checking how to recognize dependent libraries
configure:5845: result: pass_all
configure:5930: checking for dlltool
configure:5960: result: no
configure:5990: checking how to associate runtime and link libraries
configure:6017: result: printf %s\n
configure:6078: checking for ar
configure:6094: found /usr/bin/ar
configure:6105: result: ar
configure:6142: checking for archiver @FILE support
configure:6159: gcc -std=gnu99 -c -g -O2  conftest.c >&5
configure:6159: $? = 0
configure:6162: ar cru libconftest.a @conftest.lst >&5
ar: @conftest.lst: No such file or directory
configure:6165: $? = 1
configure:6185: result: no
configure:6243: checking for strip
configure:6259: found /usr/bin/strip
configure:6270: result: strip
configure:6342: checking for ranlib
configure:6358: found /usr/bin/ranlib
configure:6369: result: ranlib
configure:6471: checking command to parse /usr/bin/nm output from gcc -std=gnu99 object
configure:6590: gcc -std=gnu99 -c -g -O2  conftest.c >&5
configure:6593: $? = 0
configure:6597: /usr/bin/nm conftest.o \| sed -n -e 's/^.*[ ]\([BCDEGRST][BCDEGRST]*\)[ ][ ]*\([_A-Za-z][_A-Za-z0-9]*\)$/\1 \2 \2/p' | sed '/ __gnu_lto/d' \> conftest.nm
configure:6600: $? = 0
cannot find nm_test_var in conftest.nm
configure:6590: gcc -std=gnu99 -c -g -O2  conftest.c >&5
configure:6593: $? = 0
configure:6597: /usr/bin/nm conftest.o \| sed -n -e 's/^.*[ ]\([BCDEGRST][BCDEGRST]*\)[ ][ ]*_\([_A-Za-z][_A-Za-z0-9]*\)$/\1 _\2 \2/p' | sed '/ __gnu_lto/d' \> conftest.nm
configure:6600: $? = 0
configure:6666: gcc -std=gnu99 -o conftest -g -O2   conftest.c conftstm.o >&5
configure:6669: $? = 0
configure:6707: result: ok
configure:6744: checking for sysroot
configure:6774: result: no
configure:7017: checking for mt
configure:7047: result: no
configure:7067: checking if : is a manifest tool
configure:7073: : '-?'
configure:7081: result: no
configure:7137: checking for dsymutil
configure:7153: found /usr/bin/dsymutil
configure:7164: result: dsymutil
configure:7229: checking for nmedit
configure:7245: found /usr/bin/nmedit
configure:7256: result: nmedit
configure:7321: checking for lipo
configure:7337: found /usr/bin/lipo
configure:7348: result: lipo
configure:7413: checking for otool
configure:7429: found /usr/bin/otool
configure:7440: result: otool
configure:7505: checking for otool64
configure:7535: result: no
configure:7580: checking for -single_module linker flag
gcc -std=gnu99 -g -O2  -o libconftest.dylib -dynamiclib -Wl,-single_module conftest.c
configure:7607: result: yes
configure:7609: checking for -exported_symbols_list linker flag
configure:7629: gcc -std=gnu99 -o conftest -g -O2   -Wl,-exported_symbols_list,conftest.sym conftest.c  >&5
configure:7629: $? = 0
configure:7639: result: yes
configure:7641: checking for -force_load linker flag
gcc -std=gnu99 -g -O2 -c -o conftest.o conftest.c
ar cru libconftest.a conftest.o
ranlib libconftest.a
gcc -std=gnu99 -g -O2  -o conftest conftest.c -Wl,-force_load,./libconftest.a
configure:7671: result: yes
configure:7713: checking how to run the C preprocessor
configure:7744: gcc -std=gnu99 -E  conftest.c
configure:7744: $? = 0
configure:7758: gcc -std=gnu99 -E  conftest.c
conftest.c:11:28: error: ac_nonexistent.h: No such file or directory
configure:7758: $? = 1
configure: failed program was:
| /* confdefs.h */
| #define PACKAGE_NAME "audiofile"
| #define PACKAGE_TARNAME "audiofile"
| #define PACKAGE_VERSION "0.3.4"
| #define PACKAGE_STRING "audiofile 0.3.4"
| #define PACKAGE_BUGREPORT ""
| #define PACKAGE_URL ""
| #define PACKAGE "audiofile"
| #define VERSION "0.3.4"
| /* end confdefs.h.  */
| #include <ac_nonexistent.h>
configure:7783: result: gcc -std=gnu99 -E
configure:7803: gcc -std=gnu99 -E  conftest.c
configure:7803: $? = 0
configure:7817: gcc -std=gnu99 -E  conftest.c
conftest.c:11:28: error: ac_nonexistent.h: No such file or directory
configure:7817: $? = 1
configure: failed program was:
| /* confdefs.h */
| #define PACKAGE_NAME "audiofile"
| #define PACKAGE_TARNAME "audiofile"
| #define PACKAGE_VERSION "0.3.4"
| #define PACKAGE_STRING "audiofile 0.3.4"
| #define PACKAGE_BUGREPORT ""
| #define PACKAGE_URL ""
| #define PACKAGE "audiofile"
| #define VERSION "0.3.4"
| /* end confdefs.h.  */
| #include <ac_nonexistent.h>
configure:7846: checking for ANSI C header files
configure:7866: gcc -std=gnu99 -c -g -O2  conftest.c >&5
configure:7866: $? = 0
configure:7939: gcc -std=gnu99 -o conftest -g -O2   conftest.c  >&5
configure:7939: $? = 0
configure:7939: ./conftest
configure:7939: $? = 0
configure:7950: result: yes
configure:7963: checking for sys/types.h
configure:7963: gcc -std=gnu99 -c -g -O2  conftest.c >&5
configure:7963: $? = 0
configure:7963: result: yes
configure:7963: checking for sys/stat.h
configure:7963: gcc -std=gnu99 -c -g -O2  conftest.c >&5
configure:7963: $? = 0
configure:7963: result: yes
configure:7963: checking for stdlib.h
configure:7963: gcc -std=gnu99 -c -g -O2  conftest.c >&5
configure:7963: $? = 0
configure:7963: result: yes
configure:7963: checking for string.h
configure:7963: gcc -std=gnu99 -c -g -O2  conftest.c >&5
configure:7963: $? = 0
configure:7963: result: yes
configure:7963: checking for memory.h
configure:7963: gcc -std=gnu99 -c -g -O2  conftest.c >&5
configure:7963: $? = 0
configure:7963: result: yes
configure:7963: checking for strings.h
configure:7963: gcc -std=gnu99 -c -g -O2  conftest.c >&5
configure:7963: $? = 0
configure:7963: result: yes
configure:7963: checking for inttypes.h
configure:7963: gcc -std=gnu99 -c -g -O2  conftest.c >&5
configure:7963: $? = 0
configure:7963: result: yes
configure:7963: checking for stdint.h
configure:7963: gcc -std=gnu99 -c -g -O2  conftest.c >&5
configure:7963: $? = 0
configure:7963: result: yes
configure:7963: checking for unistd.h
configure:7963: gcc -std=gnu99 -c -g -O2  conftest.c >&5
configure:7963: $? = 0
configure:7963: result: yes
configure:7977: checking for dlfcn.h
configure:7977: gcc -std=gnu99 -c -g -O2  conftest.c >&5
configure:7977: $? = 0
configure:7977: result: yes
configure:8175: checking for objdir
configure:8190: result: .libs
configure:8457: checking if gcc -std=gnu99 supports -fno-rtti -fno-exceptions
configure:8475: gcc -std=gnu99 -c -g -O2  -fno-rtti -fno-exceptions conftest.c >&5
cc1: warning: command line option "-fno-rtti" is valid for C++/ObjC++ but not for C
configure:8479: $? = 0
configure:8492: result: no
configure:8802: checking for gcc -std=gnu99 option to produce PIC
configure:8809: result: -fno-common -DPIC
configure:8817: checking if gcc -std=gnu99 PIC flag -fno-common -DPIC works
configure:8835: gcc -std=gnu99 -c -g -O2  -fno-common -DPIC -DPIC conftest.c >&5
configure:8839: $? = 0
configure:8852: result: yes
configure:8881: checking if gcc -std=gnu99 static flag -static works
configure:8909: result: no
configure:8924: checking if gcc -std=gnu99 supports -c -o file.o
configure:8945: gcc -std=gnu99 -c -g -O2  -o out/conftest2.o conftest.c >&5
configure:8949: $? = 0
configure:8971: result: yes
configure:8979: checking if gcc -std=gnu99 supports -c -o file.o
configure:9026: result: yes
configure:9059: checking whether the gcc -std=gnu99 linker (/usr/llvm-gcc-4.2/libexec/gcc/i686-apple-darwin11/4.2.1/ld) supports shared libraries
configure:10221: result: yes
configure:10466: checking dynamic linker characteristics
configure:11215: result: darwin12.2.0 dyld
configure:11322: checking how to hardcode library paths into programs
configure:11347: result: immediate
configure:11887: checking whether stripping libraries is possible
configure:11901: result: yes
configure:11927: checking if libtool supports shared libraries
configure:11929: result: yes
configure:11932: checking whether to build shared libraries
configure:11953: result: yes
configure:11956: checking whether to build static libraries
configure:11960: result: yes
configure:11983: checking how to run the C++ preprocessor
configure:12010: g++ -E  conftest.cpp
configure:12010: $? = 0
configure:12024: g++ -E  conftest.cpp
conftest.cpp:23:28: error: ac_nonexistent.h: No such file or directory
configure:12024: $? = 1
configure: failed program was:
| /* confdefs.h */
| #define PACKAGE_NAME "audiofile"
| #define PACKAGE_TARNAME "audiofile"
| #define PACKAGE_VERSION "0.3.4"
| #define PACKAGE_STRING "audiofile 0.3.4"
| #define PACKAGE_BUGREPORT ""
| #define PACKAGE_URL ""
| #define PACKAGE "audiofile"
| #define VERSION "0.3.4"
| #define STDC_HEADERS 1
| #define HAVE_SYS_TYPES_H 1
| #define HAVE_SYS_STAT_H 1
| #define HAVE_STDLIB_H 1
| #define HAVE_STRING_H 1
| #define HAVE_MEMORY_H 1
| #define HAVE_STRINGS_H 1
| #define HAVE_INTTYPES_H 1
| #define HAVE_STDINT_H 1
| #define HAVE_UNISTD_H 1
| #define HAVE_DLFCN_H 1
| #define LT_OBJDIR ".libs/"
| /* end confdefs.h.  */
| #include <ac_nonexistent.h>
configure:12049: result: g++ -E
configure:12069: g++ -E  conftest.cpp
configure:12069: $? = 0
configure:12083: g++ -E  conftest.cpp
conftest.cpp:23:28: error: ac_nonexistent.h: No such file or directory
configure:12083: $? = 1
configure: failed program was:
| /* confdefs.h */
| #define PACKAGE_NAME "audiofile"
| #define PACKAGE_TARNAME "audiofile"
| #define PACKAGE_VERSION "0.3.4"
| #define PACKAGE_STRING "audiofile 0.3.4"
| #define PACKAGE_BUGREPORT ""
| #define PACKAGE_URL ""
| #define PACKAGE "audiofile"
| #define VERSION "0.3.4"
| #define STDC_HEADERS 1
| #define HAVE_SYS_TYPES_H 1
| #define HAVE_SYS_STAT_H 1
| #define HAVE_STDLIB_H 1
| #define HAVE_STRING_H 1
| #define HAVE_MEMORY_H 1
| #define HAVE_STRINGS_H 1
| #define HAVE_INTTYPES_H 1
| #define HAVE_STDINT_H 1
| #define HAVE_UNISTD_H 1
| #define HAVE_DLFCN_H 1
| #define LT_OBJDIR ".libs/"
| /* end confdefs.h.  */
| #include <ac_nonexistent.h>
configure:12253: checking for ld used by g++
configure:12320: result: /usr/llvm-gcc-4.2/libexec/gcc/i686-apple-darwin11/4.2.1/ld
configure:12327: checking if the linker (/usr/llvm-gcc-4.2/libexec/gcc/i686-apple-darwin11/4.2.1/ld) is GNU ld
configure:12342: result: no
configure:12397: checking whether the g++ linker (/usr/llvm-gcc-4.2/libexec/gcc/i686-apple-darwin11/4.2.1/ld) supports shared libraries
configure:13401: result: yes
configure:13436: g++ -c -g -O2  conftest.cpp >&5
configure:13439: $? = 0
configure:13959: checking for g++ option to produce PIC
configure:13966: result: -fno-common -DPIC
configure:13974: checking if g++ PIC flag -fno-common -DPIC works
configure:13992: g++ -c -g -O2  -fno-common -DPIC -DPIC conftest.cpp >&5
configure:13996: $? = 0
configure:14009: result: yes
configure:14032: checking if g++ static flag -static works
configure:14060: result: no
configure:14072: checking if g++ supports -c -o file.o
configure:14093: g++ -c -g -O2  -o out/conftest2.o conftest.cpp >&5
configure:14097: $? = 0
configure:14119: result: yes
configure:14124: checking if g++ supports -c -o file.o
configure:14171: result: yes
configure:14201: checking whether the g++ linker (/usr/llvm-gcc-4.2/libexec/gcc/i686-apple-darwin11/4.2.1/ld) supports shared libraries
configure:14238: result: yes
configure:14381: checking dynamic linker characteristics
configure:15064: result: darwin12.2.0 dyld
configure:15117: checking how to hardcode library paths into programs
configure:15142: result: immediate
configure:15202: checking for ANSI C header files
configure:15306: result: yes
configure:15317: checking fcntl.h usability
configure:15317: gcc -std=gnu99 -c -g -O2  conftest.c >&5
configure:15317: $? = 0
configure:15317: result: yes
configure:15317: checking fcntl.h presence
configure:15317: gcc -std=gnu99 -E  conftest.c
configure:15317: $? = 0
configure:15317: result: yes
configure:15317: checking for fcntl.h
configure:15317: result: yes
configure:15317: checking for unistd.h
configure:15317: result: yes
configure:15328: checking for an ANSI C-conforming const
configure:15393: gcc -std=gnu99 -c -g -O2  conftest.c >&5
configure:15393: $? = 0
configure:15400: result: yes
configure:15408: checking whether byte ordering is bigendian
configure:15423: gcc -std=gnu99 -c -g -O2  conftest.c >&5
configure:15423: $? = 0
configure:15468: gcc -std=gnu99 -c -g -O2  conftest.c >&5
configure:15468: $? = 0
configure:15486: gcc -std=gnu99 -c -g -O2  conftest.c >&5
conftest.c: In function 'main':
conftest.c:33: error: 'not' undeclared (first use in this function)
conftest.c:33: error: (Each undeclared identifier is reported only once
conftest.c:33: error: for each function it appears in.)
conftest.c:33: error: expected ';' before 'big'
configure:15486: $? = 1
configure: failed program was:
| /* confdefs.h */
| #define PACKAGE_NAME "audiofile"
| #define PACKAGE_TARNAME "audiofile"
| #define PACKAGE_VERSION "0.3.4"
| #define PACKAGE_STRING "audiofile 0.3.4"
| #define PACKAGE_BUGREPORT ""
| #define PACKAGE_URL ""
| #define PACKAGE "audiofile"
| #define VERSION "0.3.4"
| #define STDC_HEADERS 1
| #define HAVE_SYS_TYPES_H 1
| #define HAVE_SYS_STAT_H 1
| #define HAVE_STDLIB_H 1
| #define HAVE_STRING_H 1
| #define HAVE_MEMORY_H 1
| #define HAVE_STRINGS_H 1
| #define HAVE_INTTYPES_H 1
| #define HAVE_STDINT_H 1
| #define HAVE_UNISTD_H 1
| #define HAVE_DLFCN_H 1
| #define LT_OBJDIR ".libs/"
| #define STDC_HEADERS 1
| #define HAVE_FCNTL_H 1
| #define HAVE_UNISTD_H 1
| /* end confdefs.h.  */
| #include <sys/types.h>
| 		#include <sys/param.h>
| 
| int
| main ()
| {
| #if BYTE_ORDER != BIG_ENDIAN
| 		 not big endian
| 		#endif
| 
|   ;
|   return 0;
| }
configure:15614: result: no
configure:15640: checking for special C compiler options needed for large files
configure:15685: result: no
configure:15691: checking for _FILE_OFFSET_BITS value needed for large files
configure:15716: gcc -std=gnu99 -c -g -O2  conftest.c >&5
configure:15716: $? = 0
configure:15748: result: no
configure:15831: checking for off_t
configure:15831: gcc -std=gnu99 -c -g -O2  conftest.c >&5
configure:15831: $? = 0
configure:15831: gcc -std=gnu99 -c -g -O2  conftest.c >&5
conftest.c: In function 'main':
conftest.c:62: error: expected expression before ')' token
configure:15831: $? = 1
configure: failed program was:
| /* confdefs.h */
| #define PACKAGE_NAME "audiofile"
| #define PACKAGE_TARNAME "audiofile"
| #define PACKAGE_VERSION "0.3.4"
| #define PACKAGE_STRING "audiofile 0.3.4"
| #define PACKAGE_BUGREPORT ""
| #define PACKAGE_URL ""
| #define PACKAGE "audiofile"
| #define VERSION "0.3.4"
| #define STDC_HEADERS 1
| #define HAVE_SYS_TYPES_H 1
| #define HAVE_SYS_STAT_H 1
| #define HAVE_STDLIB_H 1
| #define HAVE_STRING_H 1
| #define HAVE_MEMORY_H 1
| #define HAVE_STRINGS_H 1
| #define HAVE_INTTYPES_H 1
| #define HAVE_STDINT_H 1
| #define HAVE_UNISTD_H 1
| #define HAVE_DLFCN_H 1
| #define LT_OBJDIR ".libs/"
| #define STDC_HEADERS 1
| #define HAVE_FCNTL_H 1
| #define HAVE_UNISTD_H 1
| /* end confdefs.h.  */
| #include <stdio.h>
| #ifdef HAVE_SYS_TYPES_H
| # include <sys/types.h>
| #endif
| #ifdef HAVE_SYS_STAT_H
| # include <sys/stat.h>
| #endif
| #ifdef STDC_HEADERS
| # include <stdlib.h>
| # include <stddef.h>
| #else
| # ifdef HAVE_STDLIB_H
| #  include <stdlib.h>
| # endif
| #endif
| #ifdef HAVE_STRING_H
| # if !defined STDC_HEADERS && defined HAVE_MEMORY_H
| #  include <memory.h>
| # endif
| # include <string.h>
| #endif
| #ifdef HAVE_STRINGS_H
| # include <strings.h>
| #endif
| #ifdef HAVE_INTTYPES_H
| # include <inttypes.h>
| #endif
| #ifdef HAVE_STDINT_H
| # include <stdint.h>
| #endif
| #ifdef HAVE_UNISTD_H
| # include <unistd.h>
| #endif
| int
| main ()
| {
| if (sizeof ((off_t)))
| 	    return 0;
|   ;
|   return 0;
| }
configure:15831: result: yes
configure:15842: checking for size_t
configure:15842: gcc -std=gnu99 -c -g -O2  conftest.c >&5
configure:15842: $? = 0
configure:15842: gcc -std=gnu99 -c -g -O2  conftest.c >&5
conftest.c: In function 'main':
conftest.c:62: error: expected expression before ')' token
configure:15842: $? = 1
configure: failed program was:
| /* confdefs.h */
| #define PACKAGE_NAME "audiofile"
| #define PACKAGE_TARNAME "audiofile"
| #define PACKAGE_VERSION "0.3.4"
| #define PACKAGE_STRING "audiofile 0.3.4"
| #define PACKAGE_BUGREPORT ""
| #define PACKAGE_URL ""
| #define PACKAGE "audiofile"
| #define VERSION "0.3.4"
| #define STDC_HEADERS 1
| #define HAVE_SYS_TYPES_H 1
| #define HAVE_SYS_STAT_H 1
| #define HAVE_STDLIB_H 1
| #define HAVE_STRING_H 1
| #define HAVE_MEMORY_H 1
| #define HAVE_STRINGS_H 1
| #define HAVE_INTTYPES_H 1
| #define HAVE_STDINT_H 1
| #define HAVE_UNISTD_H 1
| #define HAVE_DLFCN_H 1
| #define LT_OBJDIR ".libs/"
| #define STDC_HEADERS 1
| #define HAVE_FCNTL_H 1
| #define HAVE_UNISTD_H 1
| /* end confdefs.h.  */
| #include <stdio.h>
| #ifdef HAVE_SYS_TYPES_H
| # include <sys/types.h>
| #endif
| #ifdef HAVE_SYS_STAT_H
| # include <sys/stat.h>
| #endif
| #ifdef STDC_HEADERS
| # include <stdlib.h>
| # include <stddef.h>
| #else
| # ifdef HAVE_STDLIB_H
| #  include <stdlib.h>
| # endif
| #endif
| #ifdef HAVE_STRING_H
| # if !defined STDC_HEADERS && defined HAVE_MEMORY_H
| #  include <memory.h>
| # endif
| # include <string.h>
| #endif
| #ifdef HAVE_STRINGS_H
| # include <strings.h>
| #endif
| #ifdef HAVE_INTTYPES_H
| # include <inttypes.h>
| #endif
| #ifdef HAVE_STDINT_H
| # include <stdint.h>
| #endif
| #ifdef HAVE_UNISTD_H
| # include <unistd.h>
| #endif
| int
| main ()
| {
| if (sizeof ((size_t)))
| 	    return 0;
|   ;
|   return 0;
| }
configure:15842: result: yes
configure:15855: checking for platform specific tests to compile
configure:15873: result: Mac OS X
configure:16079: checking for a2x
configure:16112: result: no
configure:16119: checking for asciidoc
configure:16152: result: no
configure:16307: creating ./config.status

## ---------------- ##
## Cache variables. ##
## ---------------- ##

ac_cv_build=x86_64-apple-darwin12.2.0
ac_cv_c_bigendian=no
ac_cv_c_compiler_gnu=yes
ac_cv_c_const=yes
ac_cv_cxx_compiler_gnu=yes
ac_cv_env_CCC_set=
ac_cv_env_CCC_value=
ac_cv_env_CC_set=
ac_cv_env_CC_value=
ac_cv_env_CFLAGS_set=
ac_cv_env_CFLAGS_value=
ac_cv_env_CPPFLAGS_set=
ac_cv_env_CPPFLAGS_value=
ac_cv_env_CPP_set=
ac_cv_env_CPP_value=
ac_cv_env_CXXCPP_set=
ac_cv_env_CXXCPP_value=
ac_cv_env_CXXFLAGS_set=
ac_cv_env_CXXFLAGS_value=
ac_cv_env_CXX_set=
ac_cv_env_CXX_value=
ac_cv_env_LDFLAGS_set=
ac_cv_env_LDFLAGS_value=
ac_cv_env_LIBS_set=
ac_cv_env_LIBS_value=
ac_cv_env_build_alias_set=
ac_cv_env_build_alias_value=
ac_cv_env_host_alias_set=
ac_cv_env_host_alias_value=
ac_cv_env_target_alias_set=
ac_cv_env_target_alias_value=
ac_cv_header_dlfcn_h=yes
ac_cv_header_fcntl_h=yes
ac_cv_header_inttypes_h=yes
ac_cv_header_memory_h=yes
ac_cv_header_stdc=yes
ac_cv_header_stdint_h=yes
ac_cv_header_stdlib_h=yes
ac_cv_header_string_h=yes
ac_cv_header_strings_h=yes
ac_cv_header_sys_stat_h=yes
ac_cv_header_sys_types_h=yes
ac_cv_header_unistd_h=yes
ac_cv_host=x86_64-apple-darwin12.2.0
ac_cv_objext=o
ac_cv_path_EGREP='/usr/bin/grep -E'
ac_cv_path_FGREP='/usr/bin/grep -F'
ac_cv_path_GREP=/usr/bin/grep
ac_cv_path_SED=/usr/bin/sed
ac_cv_path_install='/usr/bin/install -c'
ac_cv_prog_AWK=awk
ac_cv_prog_CPP='gcc -std=gnu99 -E'
ac_cv_prog_CXXCPP='g++ -E'
ac_cv_prog_ac_ct_AR=ar
ac_cv_prog_ac_ct_CC=gcc
ac_cv_prog_ac_ct_CXX=g++
ac_cv_prog_ac_ct_DSYMUTIL=dsymutil
ac_cv_prog_ac_ct_LIPO=lipo
ac_cv_prog_ac_ct_NMEDIT=nmedit
ac_cv_prog_ac_ct_OTOOL=otool
ac_cv_prog_ac_ct_RANLIB=ranlib
ac_cv_prog_ac_ct_STRIP=strip
ac_cv_prog_cc_c89=
ac_cv_prog_cc_c99=-std=gnu99
ac_cv_prog_cc_g=yes
ac_cv_prog_cxx_g=yes
ac_cv_prog_make_make_set=yes
ac_cv_sys_file_offset_bits=no
ac_cv_sys_largefile_CC=no
ac_cv_type_off_t=yes
ac_cv_type_size_t=yes
am_cv_CC_dependencies_compiler_type=gcc3
am_cv_CXX_dependencies_compiler_type=gcc3
lt_cv_apple_cc_single_mod=yes
lt_cv_ar_at_file=no
lt_cv_deplibs_check_method=pass_all
lt_cv_file_magic_cmd='$MAGIC_CMD'
lt_cv_file_magic_test_file=
lt_cv_ld_exported_symbols_list=yes
lt_cv_ld_force_load=yes
lt_cv_ld_reload_flag=-r
lt_cv_nm_interface='BSD nm'
lt_cv_objdir=.libs
lt_cv_path_LD=/usr/llvm-gcc-4.2/libexec/gcc/i686-apple-darwin11/4.2.1/ld
lt_cv_path_LDCXX=/usr/llvm-gcc-4.2/libexec/gcc/i686-apple-darwin11/4.2.1/ld
lt_cv_path_NM=/usr/bin/nm
lt_cv_path_mainfest_tool=no
lt_cv_prog_compiler_c_o=yes
lt_cv_prog_compiler_c_o_CXX=yes
lt_cv_prog_compiler_pic='-fno-common -DPIC'
lt_cv_prog_compiler_pic_CXX='-fno-common -DPIC'
lt_cv_prog_compiler_pic_works=yes
lt_cv_prog_compiler_pic_works_CXX=yes
lt_cv_prog_compiler_rtti_exceptions=no
lt_cv_prog_compiler_static_works=no
lt_cv_prog_compiler_static_works_CXX=no
lt_cv_prog_gnu_ld=no
lt_cv_prog_gnu_ldcxx=no
lt_cv_sharedlib_from_linklib_cmd='printf %s\n'
lt_cv_sys_global_symbol_pipe='sed -n -e '\''s/^.*[	 ]\([BCDEGRST][BCDEGRST]*\)[	 ][	 ]*_\([_A-Za-z][_A-Za-z0-9]*\)$/\1 _\2 \2/p'\'' | sed '\''/ __gnu_lto/d'\'''
lt_cv_sys_global_symbol_to_c_name_address='sed -n -e '\''s/^: \([^ ]*\)[ ]*$/  {\"\1\", (void *) 0},/p'\'' -e '\''s/^[BCDEGRST]* \([^ ]*\) \([^ ]*\)$/  {"\2", (void *) \&\2},/p'\'''
lt_cv_sys_global_symbol_to_c_name_address_lib_prefix='sed -n -e '\''s/^: \([^ ]*\)[ ]*$/  {\"\1\", (void *) 0},/p'\'' -e '\''s/^[BCDEGRST]* \([^ ]*\) \(lib[^ ]*\)$/  {"\2", (void *) \&\2},/p'\'' -e '\''s/^[BCDEGRST]* \([^ ]*\) \([^ ]*\)$/  {"lib\2", (void *) \&\2},/p'\'''
lt_cv_sys_global_symbol_to_cdecl='sed -n -e '\''s/^T .* \(.*\)$/extern int \1();/p'\'' -e '\''s/^[BCDEGRST]* .* \(.*\)$/extern char \1;/p'\'''
lt_cv_sys_max_cmd_len=196608
lt_cv_to_host_file_cmd=func_convert_file_noop
lt_cv_to_tool_file_cmd=func_convert_file_noop

## ----------------- ##
## Output variables. ##
## ----------------- ##

A2X=''
ACLOCAL='${SHELL} /Users/jkeshet/Projects/goldrick_projects/code/audiofile-0.3.4/missing --run aclocal-1.11'
AMDEPBACKSLASH='\'
AMDEP_FALSE='#'
AMDEP_TRUE=''
AMTAR='${SHELL} /Users/jkeshet/Projects/goldrick_projects/code/audiofile-0.3.4/missing --run tar'
AR='ar'
ASCIIDOC=''
AUDIOFILE_VERSION='0.3.4'
AUDIOFILE_VERSION_INFO='1:0:0'
AUTOCONF='${SHELL} /Users/jkeshet/Projects/goldrick_projects/code/audiofile-0.3.4/missing --run autoconf'
AUTOHEADER='${SHELL} /Users/jkeshet/Projects/goldrick_projects/code/audiofile-0.3.4/missing --run autoheader'
AUTOMAKE='${SHELL} /Users/jkeshet/Projects/goldrick_projects/code/audiofile-0.3.4/missing --run automake-1.11'
AWK='awk'
CC='gcc -std=gnu99'
CCDEPMODE='depmode=gcc3'
CFLAGS='-g -O2'
COVERAGE_CFLAGS=''
COVERAGE_LIBS=''
CPP='gcc -std=gnu99 -E'
CPPFLAGS=''
CXX='g++'
CXXCPP='g++ -E'
CXXDEPMODE='depmode=gcc3'
CXXFLAGS='-g -O2'
CYGPATH_W='echo'
DEFS='-DHAVE_CONFIG_H'
DEPDIR='.deps'
DLLTOOL='false'
DSYMUTIL='dsymutil'
DUMPBIN=''
ECHO_C='\c'
ECHO_N=''
ECHO_T=''
EGREP='/usr/bin/grep -E'
ENABLE_COVERAGE_FALSE=''
ENABLE_COVERAGE_TRUE='#'
ENABLE_VALGRIND_FALSE=''
ENABLE_VALGRIND_TRUE='#'
ENABLE_WERROR_FALSE=''
ENABLE_WERROR_TRUE='#'
EXEEXT=''
FGREP='/usr/bin/grep -F'
GENHTML=''
GREP='/usr/bin/grep'
INSTALL_DATA='${INSTALL} -m 644'
INSTALL_PROGRAM='${INSTALL}'
INSTALL_SCRIPT='${INSTALL}'
INSTALL_STRIP_PROGRAM='$(install_sh) -c -s'
LCOV=''
LD='/usr/llvm-gcc-4.2/libexec/gcc/i686-apple-darwin11/4.2.1/ld'
LDFLAGS=''
LIBOBJS=''
LIBS=''
LIBTOOL='$(SHELL) $(top_builddir)/libtool'
LIPO='lipo'
LN_S='ln -s'
LTLIBOBJS=''
MAKEINFO='${SHELL} /Users/jkeshet/Projects/goldrick_projects/code/audiofile-0.3.4/missing --run makeinfo'
MANIFEST_TOOL=':'
MKDIR_P='./install-sh -c -d'
NM='/usr/bin/nm'
NMEDIT='nmedit'
OBJDUMP='false'
OBJEXT='o'
OTOOL64=':'
OTOOL='otool'
PACKAGE='audiofile'
PACKAGE_BUGREPORT=''
PACKAGE_NAME='audiofile'
PACKAGE_STRING='audiofile 0.3.4'
PACKAGE_TARNAME='audiofile'
PACKAGE_URL=''
PACKAGE_VERSION='0.3.4'
PATH_SEPARATOR=':'
RANLIB='ranlib'
SED='/usr/bin/sed'
SET_MAKE=''
SHELL='/bin/sh'
STRIP='strip'
TEST_BIN='osxplay'
VALGRIND=''
VERSION='0.3.4'
WERROR_CFLAGS=''
ac_ct_AR='ar'
ac_ct_CC='gcc'
ac_ct_CXX='g++'
ac_ct_DUMPBIN=''
am__EXEEXT_FALSE=''
am__EXEEXT_TRUE='#'
am__fastdepCC_FALSE='#'
am__fastdepCC_TRUE=''
am__fastdepCXX_FALSE='#'
am__fastdepCXX_TRUE=''
am__include='include'
am__isrc=''
am__leading_dot='.'
am__quote=''
am__tar='${AMTAR} chof - "$$tardir"'
am__untar='${AMTAR} xf -'
bindir='${exec_prefix}/bin'
build='x86_64-apple-darwin12.2.0'
build_alias=''
build_cpu='x86_64'
build_os='darwin12.2.0'
build_vendor='apple'
datadir='${datarootdir}'
datarootdir='${prefix}/share'
docdir='${datarootdir}/doc/${PACKAGE_TARNAME}'
dvidir='${docdir}'
exec_prefix='${prefix}'
host='x86_64-apple-darwin12.2.0'
host_alias=''
host_cpu='x86_64'
host_os='darwin12.2.0'
host_vendor='apple'
htmldir='${docdir}'
includedir='${prefix}/include'
infodir='${datarootdir}/info'
install_sh='${SHELL} /Users/jkeshet/Projects/goldrick_projects/code/audiofile-0.3.4/install-sh'
libdir='${exec_prefix}/lib'
libexecdir='${exec_prefix}/libexec'
localedir='${datarootdir}/locale'
localstatedir='${prefix}/var'
mandir='${datarootdir}/man'
mkdir_p='$(top_builddir)/./install-sh -c -d'
oldincludedir='/usr/include'
pdfdir='${docdir}'
prefix='/usr/local'
program_transform_name='s,x,x,'
psdir='${docdir}'
sbindir='${exec_prefix}/sbin'
sharedstatedir='${prefix}/com'
sysconfdir='${prefix}/etc'
target_alias=''

## ----------- ##
## confdefs.h. ##
## ----------- ##

/* confdefs.h */
#define PACKAGE_NAME "audiofile"
#define PACKAGE_TARNAME "audiofile"
#define PACKAGE_VERSION "0.3.4"
#define PACKAGE_STRING "audiofile 0.3.4"
#define PACKAGE_BUGREPORT ""
#define PACKAGE_URL ""
#define PACKAGE "audiofile"
#define VERSION "0.3.4"
#define STDC_HEADERS 1
#define HAVE_SYS_TYPES_H 1
#define HAVE_SYS_STAT_H 1
#define HAVE_STDLIB_H 1
#define HAVE_STRING_H 1
#define HAVE_MEMORY_H 1
#define HAVE_STRINGS_H 1
#define HAVE_INTTYPES_H 1
#define HAVE_STDINT_H 1
#define HAVE_UNISTD_H 1
#define HAVE_DLFCN_H 1
#define LT_OBJDIR ".libs/"
#define STDC_HEADERS 1
#define HAVE_FCNTL_H 1
#define HAVE_UNISTD_H 1

configure: exit 0

## ---------------------- ##
## Running config.status. ##
## ---------------------- ##

This file was extended by audiofile config.status 0.3.4, which was
generated by GNU Autoconf 2.68.  Invocation command line was

  CONFIG_FILES    = 
  CONFIG_HEADERS  = 
  CONFIG_LINKS    = 
  CONFIG_COMMANDS = 
  $ ./config.status 

on baxi.local

config.status:1178: creating audiofile.spec
config.status:1178: creating audiofile.pc
config.status:1178: creating audiofile-uninstalled.pc
config.status:1178: creating sfcommands/Makefile
config.status:1178: creating test/Makefile
config.status:1178: creating test/gtest/Makefile
config.status:1178: creating examples/Makefile
config.status:1178: creating libaudiofile/Makefile
config.status:1178: creating libaudiofile/modules/Makefile
config.status:1178: creating docs/Makefile
config.status:1178: creating Makefile
config.status:1178: creating config.h
config.status:1359: config.h is unchanged
config.status:1407: executing depfiles commands
config.status:1407: executing libtool commands

## ---------------------- ##
## Running config.status. ##
## ---------------------- ##

This file was extended by audiofile config.status 0.3.4, which was
generated by GNU Autoconf 2.68.  Invocation command line was

  CONFIG_FILES    = 
  CONFIG_HEADERS  = 
  CONFIG_LINKS    = 
  CONFIG_COMMANDS = 
  $ ./config.status config.h

on baxi.local

config.status:1178: creating config.h
config.status:1359: config.h is unchanged

## ---------------------- ##
## Running config.status. ##
## ---------------------- ##

This file was extended by audiofile config.status 0.3.4, which was
generated by GNU Autoconf 2.68.  Invocation command line was

  CONFIG_FILES    = 
  CONFIG_HEADERS  = 
  CONFIG_LINKS    = 
  CONFIG_COMMANDS = 
  $ ./config.status config.h

on lambda

config.status:1178: creating config.h
config.status:1359: config.h is unchanged

## ---------------------- ##
## Running config.status. ##
## ---------------------- ##

This file was extended by audiofile config.status 0.3.4, which was
generated by GNU Autoconf 2.68.  Invocation command line was

  CONFIG_FILES    = 
  CONFIG_HEADERS  = 
  CONFIG_LINKS    = 
  CONFIG_COMMANDS = 
  $ ./config.status audiofile.pc

on lambda

config.status:1178: creating audiofile.pc
